[NbConvertApp] Converting notebook find_flux.ipynb to python
[NbConvertApp] Writing 2752 bytes to find_flux.py
                                %%%%%%%%%%%%%%%
                           %%%%%%%%%%%%%%%%%%%%%%%%
                        %%%%%%%%%%%%%%%%%%%%%%%%%%%%%%
                      %%%%%%%%%%%%%%%%%%%%%%%%%%%%%%%%%%
                    %%%%%%%%%%%%%%%%%%%%%%%%%%%%%%%%%%%%%%
                   %%%%%%%%%%%%%%%%%%%%%%%%%%%%%%%%%%%%%%%%
                                    %%%%%%%%%%%%%%%%%%%%%%%%
                                     %%%%%%%%%%%%%%%%%%%%%%%%
                 ###############      %%%%%%%%%%%%%%%%%%%%%%%%
                ##################     %%%%%%%%%%%%%%%%%%%%%%%
                ###################     %%%%%%%%%%%%%%%%%%%%%%%
                ####################     %%%%%%%%%%%%%%%%%%%%%%
                #####################     %%%%%%%%%%%%%%%%%%%%%
                ######################     %%%%%%%%%%%%%%%%%%%%
                #######################     %%%%%%%%%%%%%%%%%%
                 #######################     %%%%%%%%%%%%%%%%%
                 ######################     %%%%%%%%%%%%%%%%%
                  ####################     %%%%%%%%%%%%%%%%%
                    #################     %%%%%%%%%%%%%%%%%
                     ###############     %%%%%%%%%%%%%%%%
                       ############     %%%%%%%%%%%%%%%
                          ########     %%%%%%%%%%%%%%
                                      %%%%%%%%%%%

                 | The OpenMC Monte Carlo Code
       Copyright | 2011-2023 MIT, UChicago Argonne LLC, and contributors
         License | https://docs.openmc.org/en/latest/license.html
         Version | 0.13.3
        Git SHA1 | 50e39a4e20dc9e0f3d7ccf07333f6a5e6c797c8c
       Date/Time | 2023-11-22 13:59:19
  OpenMP Threads | 40

 Reading settings XML file...
 Reading cross sections XML file...
 Reading materials XML file...
 Reading geometry XML file...
 Reading U235 from
 /users/pshgulza/nuclear_libraries/endfb-vii.1-hdf5/neutron/U235.h5
 Reading U238 from
 /users/pshgulza/nuclear_libraries/endfb-vii.1-hdf5/neutron/U238.h5
 Reading O16 from
 /users/pshgulza/nuclear_libraries/endfb-vii.1-hdf5/neutron/O16.h5
 Minimum neutron data temperature: 294 K
 Maximum neutron data temperature: 294 K
 Reading tallies XML file...
 Preparing distributed cell instances...
 Reading plot XML file...
 Writing summary.h5 file...
 Maximum neutron transport energy: 20000000 eV for U235
 Initializing source particles...

 ====================>     K EIGENVALUE SIMULATION     <====================

  Bat./Gen.      k            Average k
  =========   ========   ====================
        1/1    0.94237
        2/1    1.00214
        3/1    1.02579
        4/1    1.04018
        5/1    1.04655
        6/1    1.05166
        7/1    1.05589
        8/1    1.05982
        9/1    1.06144
       10/1    1.06325
       11/1    1.06544
       12/1    1.06597
       13/1    1.06458
       14/1    1.06741
       15/1    1.06840
       16/1    1.06645
       17/1    1.06721
       18/1    1.06882
       19/1    1.06968
       20/1    1.06924
       21/1    1.06823
       22/1    1.06838
       23/1    1.07034
       24/1    1.06760
       25/1    1.07007
       26/1    1.06918
       27/1    1.06654
       28/1    1.07041
       29/1    1.06917
       30/1    1.06932
       31/1    1.06883
       32/1    1.06932
       33/1    1.06843
       34/1    1.06827
       35/1    1.06791
       36/1    1.07005
       37/1    1.06844
       38/1    1.06831
       39/1    1.06885
       40/1    1.06866
       41/1    1.06862
       42/1    1.06898
       43/1    1.06784
       44/1    1.06961
       45/1    1.06893
       46/1    1.07017
       47/1    1.06856
       48/1    1.06959
       49/1    1.07084
       50/1    1.06807
       51/1    1.06823
       52/1    1.06891
       53/1    1.06868
       54/1    1.06819
       55/1    1.07015
       56/1    1.06938
       57/1    1.06830
       58/1    1.06903
       59/1    1.06942
       60/1    1.07173
       61/1    1.06816
       62/1    1.06921
       63/1    1.06864
       64/1    1.06908
       65/1    1.06905
       66/1    1.06966
       67/1    1.06761
       68/1    1.07098
       69/1    1.07075
       70/1    1.06931
       71/1    1.06987
       72/1    1.06930
       73/1    1.06963
       74/1    1.06914
       75/1    1.06983
       76/1    1.06993
       77/1    1.07084
       78/1    1.07058
       79/1    1.06812
       80/1    1.07060
       81/1    1.07049
       82/1    1.06979
       83/1    1.06917
       84/1    1.06803
       85/1    1.06848
       86/1    1.06849
       87/1    1.06915
       88/1    1.06929
       89/1    1.06895
       90/1    1.06867
       91/1    1.06968
       92/1    1.06902
       93/1    1.06926
       94/1    1.07016
       95/1    1.06904
       96/1    1.07034
       97/1    1.06944
       98/1    1.07085
       99/1    1.06907
      100/1    1.06809
      101/1    1.06775
      102/1    1.07007    1.06891 +/- 0.00116
      103/1    1.06752    1.06845 +/- 0.00082
      104/1    1.07031    1.06891 +/- 0.00074
      105/1    1.06950    1.06903 +/- 0.00059
      106/1    1.06907    1.06904 +/- 0.00048
      107/1    1.06958    1.06912 +/- 0.00041
      108/1    1.07023    1.06925 +/- 0.00038
      109/1    1.07068    1.06941 +/- 0.00037
      110/1    1.06908    1.06938 +/- 0.00034
      111/1    1.06941    1.06938 +/- 0.00030
      112/1    1.07131    1.06954 +/- 0.00032
      113/1    1.06967    1.06955 +/- 0.00029
      114/1    1.07045    1.06962 +/- 0.00028
      115/1    1.06953    1.06961 +/- 0.00026
      116/1    1.06764    1.06949 +/- 0.00027
      117/1    1.07055    1.06955 +/- 0.00026
      118/1    1.06924    1.06953 +/- 0.00025
      119/1    1.06947    1.06953 +/- 0.00024
      120/1    1.06934    1.06952 +/- 0.00022
      121/1    1.06896    1.06949 +/- 0.00021
      122/1    1.07005    1.06952 +/- 0.00021
      123/1    1.06899    1.06950 +/- 0.00020
      124/1    1.06867    1.06946 +/- 0.00019
      125/1    1.06874    1.06943 +/- 0.00019
      126/1    1.06928    1.06943 +/- 0.00018
      127/1    1.06965    1.06944 +/- 0.00017
      128/1    1.06893    1.06942 +/- 0.00017
      129/1    1.06966    1.06943 +/- 0.00016
      130/1    1.06991    1.06944 +/- 0.00016
      131/1    1.06791    1.06939 +/- 0.00016
      132/1    1.06898    1.06938 +/- 0.00016
      133/1    1.06999    1.06940 +/- 0.00015
      134/1    1.06776    1.06935 +/- 0.00016
      135/1    1.07079    1.06939 +/- 0.00016
      136/1    1.07028    1.06942 +/- 0.00015
      137/1    1.06841    1.06939 +/- 0.00015
      138/1    1.07034    1.06941 +/- 0.00015
      139/1    1.07113    1.06946 +/- 0.00015
      140/1    1.06887    1.06944 +/- 0.00015
      141/1    1.07076    1.06948 +/- 0.00015
      142/1    1.06852    1.06945 +/- 0.00015
      143/1    1.06998    1.06946 +/- 0.00014
      144/1    1.06982    1.06947 +/- 0.00014
      145/1    1.06961    1.06948 +/- 0.00014
      146/1    1.06937    1.06947 +/- 0.00014
      147/1    1.07006    1.06949 +/- 0.00013
      148/1    1.06996    1.06950 +/- 0.00013
      149/1    1.06930    1.06949 +/- 0.00013
      150/1    1.06898    1.06948 +/- 0.00013
      151/1    1.06898    1.06947 +/- 0.00012
      152/1    1.06865    1.06946 +/- 0.00012
      153/1    1.06903    1.06945 +/- 0.00012
      154/1    1.06789    1.06942 +/- 0.00012
      155/1    1.06836    1.06940 +/- 0.00012
      156/1    1.07009    1.06941 +/- 0.00012
      157/1    1.06903    1.06941 +/- 0.00012
      158/1    1.06960    1.06941 +/- 0.00012
      159/1    1.06936    1.06941 +/- 0.00011
      160/1    1.07026    1.06942 +/- 0.00011
      161/1    1.06793    1.06940 +/- 0.00011
      162/1    1.07058    1.06942 +/- 0.00011
      163/1    1.06892    1.06941 +/- 0.00011
      164/1    1.06945    1.06941 +/- 0.00011
      165/1    1.06834    1.06939 +/- 0.00011
      166/1    1.06996    1.06940 +/- 0.00011
      167/1    1.06989    1.06941 +/- 0.00011
      168/1    1.07145    1.06944 +/- 0.00011
      169/1    1.07045    1.06945 +/- 0.00011
      170/1    1.06931    1.06945 +/- 0.00011
      171/1    1.06918    1.06945 +/- 0.00011
      172/1    1.06919    1.06944 +/- 0.00010
      173/1    1.06950    1.06944 +/- 0.00010
      174/1    1.07052    1.06946 +/- 0.00010
      175/1    1.06904    1.06945 +/- 0.00010
      176/1    1.06901    1.06945 +/- 0.00010
      177/1    1.07048    1.06946 +/- 0.00010
      178/1    1.06917    1.06946 +/- 0.00010
      179/1    1.06825    1.06944 +/- 0.00010
      180/1    1.06821    1.06943 +/- 0.00010
      181/1    1.07008    1.06943 +/- 0.00010
      182/1    1.07071    1.06945 +/- 0.00010
      183/1    1.06979    1.06945 +/- 0.00010
      184/1    1.06908    1.06945 +/- 0.00010
      185/1    1.06994    1.06946 +/- 0.00009
      186/1    1.06939    1.06945 +/- 0.00009
      187/1    1.06801    1.06944 +/- 0.00009
      188/1    1.06883    1.06943 +/- 0.00009
      189/1    1.06798    1.06941 +/- 0.00009
      190/1    1.06992    1.06942 +/- 0.00009
      191/1    1.06991    1.06943 +/- 0.00009
      192/1    1.06966    1.06943 +/- 0.00009
      193/1    1.07282    1.06946 +/- 0.00010
      194/1    1.06959    1.06947 +/- 0.00010
      195/1    1.06809    1.06945 +/- 0.00010
      196/1    1.06990    1.06946 +/- 0.00009
      197/1    1.06962    1.06946 +/- 0.00009
      198/1    1.06970    1.06946 +/- 0.00009
      199/1    1.06853    1.06945 +/- 0.00009
      200/1    1.06876    1.06944 +/- 0.00009
      201/1    1.07042    1.06945 +/- 0.00009
      202/1    1.06969    1.06946 +/- 0.00009
      203/1    1.07016    1.06946 +/- 0.00009
      204/1    1.07030    1.06947 +/- 0.00009
      205/1    1.06916    1.06947 +/- 0.00009
      206/1    1.06895    1.06946 +/- 0.00009
      207/1    1.06965    1.06947 +/- 0.00009
      208/1    1.07121    1.06948 +/- 0.00009
      209/1    1.07113    1.06950 +/- 0.00009
      210/1    1.06786    1.06948 +/- 0.00009
      211/1    1.07002    1.06949 +/- 0.00009
      212/1    1.06761    1.06947 +/- 0.00009
      213/1    1.06889    1.06946 +/- 0.00009
      214/1    1.07089    1.06948 +/- 0.00009
      215/1    1.06920    1.06947 +/- 0.00009
      216/1    1.07015    1.06948 +/- 0.00009
      217/1    1.06907    1.06948 +/- 0.00009
      218/1    1.07036    1.06948 +/- 0.00009
      219/1    1.07123    1.06950 +/- 0.00009
      220/1    1.06915    1.06950 +/- 0.00009
      221/1    1.06938    1.06950 +/- 0.00009
      222/1    1.06818    1.06948 +/- 0.00009
      223/1    1.06834    1.06948 +/- 0.00008
      224/1    1.06862    1.06947 +/- 0.00008
      225/1    1.07186    1.06949 +/- 0.00009
      226/1    1.06974    1.06949 +/- 0.00009
      227/1    1.06987    1.06949 +/- 0.00008
      228/1    1.07024    1.06950 +/- 0.00008
      229/1    1.06968    1.06950 +/- 0.00008
      230/1    1.07025    1.06951 +/- 0.00008
      231/1    1.07057    1.06951 +/- 0.00008
      232/1    1.07256    1.06954 +/- 0.00009
      233/1    1.06950    1.06954 +/- 0.00008
      234/1    1.06827    1.06953 +/- 0.00008
      235/1    1.06880    1.06952 +/- 0.00008
      236/1    1.06788    1.06951 +/- 0.00008
      237/1    1.06946    1.06951 +/- 0.00008
      238/1    1.07015    1.06951 +/- 0.00008
      239/1    1.06990    1.06952 +/- 0.00008
      240/1    1.06909    1.06951 +/- 0.00008
      241/1    1.06871    1.06951 +/- 0.00008
      242/1    1.06856    1.06950 +/- 0.00008
      243/1    1.07086    1.06951 +/- 0.00008
      244/1    1.06875    1.06951 +/- 0.00008
      245/1    1.06931    1.06950 +/- 0.00008
      246/1    1.07064    1.06951 +/- 0.00008
      247/1    1.06880    1.06951 +/- 0.00008
      248/1    1.06941    1.06951 +/- 0.00008
      249/1    1.06935    1.06951 +/- 0.00008
      250/1    1.06984    1.06951 +/- 0.00008
 Creating state point statepoint.250.h5...

 =======================>     TIMING STATISTICS     <=======================

 Total time for initialization     = 2.1328e+00 seconds
   Reading cross sections          = 2.0077e+00 seconds
 Total time in simulation          = 6.5992e+02 seconds
   Time in transport only          = 6.0667e+02 seconds
   Time in inactive batches        = 2.5700e+02 seconds
   Time in active batches          = 4.0292e+02 seconds
   Time synchronizing fission bank = 3.5525e+01 seconds
     Sampling source sites         = 3.0231e+01 seconds
     SEND/RECV source sites        = 5.2942e+00 seconds
   Time accumulating tallies       = 5.3618e-02 seconds
   Time writing statepoints        = 1.1380e+00 seconds
 Total time for finalization       = 7.2927e-03 seconds
 Total time elapsed                = 6.6238e+02 seconds
 Calculation Rate (inactive)       = 389099 particles/second
 Calculation Rate (active)         = 372284 particles/second

 ============================>     RESULTS     <============================

 k-effective (Collision)     = 1.06951 +/- 0.00008
 k-effective (Track-length)  = 1.06951 +/- 0.00008
 k-effective (Absorption)    = 1.06931 +/- 0.00009
 Combined k-effective        = 1.06943 +/- 0.00005
 Leakage Fraction            = 0.07163 +/- 0.00002

[[3.12115147e-05 4.95081805e-05 6.73561771e-05 8.60905967e-05
  1.05575174e-04 1.21964806e-04 1.40581599e-04 1.56210503e-04
  1.70607456e-04 1.86695829e-04 2.07447627e-04 2.26318929e-04
  2.42454441e-04 2.58481929e-04 2.69801046e-04 2.87908946e-04
  3.03577089e-04 3.22492410e-04 3.32180258e-04 3.40850074e-04
  3.60228003e-04 3.75253523e-04 3.89189413e-04 4.00775181e-04
  4.13235409e-04 4.26437610e-04 4.44329475e-04 4.59790554e-04
  4.73851214e-04 4.88995409e-04 5.03450804e-04 5.10621334e-04
  5.28384947e-04 5.35273414e-04 5.47313623e-04 5.58606708e-04
  5.62426728e-04 5.78601276e-04 5.85528376e-04 5.93628854e-04
  6.03422798e-04 6.15170233e-04 6.34017228e-04 6.40975673e-04
  6.53426206e-04 6.61228548e-04 6.68738799e-04 6.74966039e-04
  6.82754396e-04 6.84539121e-04 6.87000118e-04 6.92198517e-04
  7.05043092e-04 7.09096794e-04 7.13799363e-04 7.18363002e-04
  7.24832855e-04 7.33200684e-04 7.34843139e-04 7.38840561e-04
  7.47809586e-04 7.46622596e-04 7.53189600e-04 7.54881066e-04
  7.63357033e-04 7.63317105e-04 7.61242540e-04 7.62129853e-04
  7.69291115e-04 7.68345916e-04 7.69183312e-04 7.63811281e-04
  7.64365751e-04 7.63292496e-04 7.66323339e-04 7.60051598e-04
  7.56265840e-04 7.57679415e-04 7.51500898e-04 7.49571139e-04
  7.41889255e-04 7.38809816e-04 7.32070807e-04 7.30410346e-04
  7.24883890e-04 7.20047632e-04 7.08650930e-04 7.05482997e-04
  6.96186240e-04 6.90994355e-04 6.83036094e-04 6.77330397e-04
  6.68718429e-04 6.63571861e-04 6.48023415e-04 6.42946886e-04
  6.36870876e-04 6.27630133e-04 6.11491768e-04 6.05394310e-04
  5.99452662e-04 5.85690641e-04 5.72972335e-04 5.67918216e-04
  5.60406454e-04 5.52815042e-04 5.37568542e-04 5.24414488e-04
  5.12593842e-04 4.97809744e-04 4.82633729e-04 4.68729305e-04
  4.56150698e-04 4.39989035e-04 4.31291880e-04 4.10581824e-04
  3.98729464e-04 3.83180196e-04 3.73048087e-04 3.56174683e-04
  3.39212085e-04 3.26443086e-04 3.10340214e-04 2.95846709e-04
  2.80622173e-04 2.64314655e-04 2.48368420e-04 2.38370234e-04
  2.23650337e-04 2.04094698e-04 1.87159212e-04 1.66441970e-04
  1.50505354e-04 1.37293372e-04 1.22016102e-04 1.03314633e-04
  8.61676878e-05 6.75324471e-05 4.93531668e-05 3.09062582e-05]]
[[0.01555208 0.02314005 0.03020112 0.03706349 0.04382786 0.05049833
  0.057153   0.06373288 0.07020879 0.07671393 0.0831018  0.08943751
  0.09569599 0.10195169 0.10813222 0.11436563 0.12051395 0.126457
  0.13240926 0.13830517 0.14414723 0.1497544  0.1555702  0.1611099
  0.16639506 0.1719077  0.1772704  0.18267302 0.18786144 0.19311387
  0.19813242 0.20302322 0.20789208 0.2125796  0.2172016  0.22182593
  0.22633473 0.2308024  0.23498779 0.23907678 0.24320349 0.24714488
  0.2509092  0.25468546 0.25822725 0.26170705 0.26498867 0.26805818
  0.27099704 0.27391901 0.27666994 0.27940036 0.28182453 0.28418024
  0.28644047 0.28856376 0.29044304 0.29245123 0.29412974 0.29570904
  0.29712745 0.29837504 0.29950572 0.3005415  0.30144009 0.30198739
  0.30247276 0.30311075 0.30341039 0.30350389 0.30353925 0.30330661
  0.30285681 0.30273078 0.30216915 0.30133035 0.30043433 0.29938639
  0.29824018 0.29693648 0.29546489 0.29398049 0.29217737 0.29037143
  0.2884319  0.28629752 0.28408587 0.28174949 0.27930713 0.27671903
  0.27387951 0.27097401 0.2679504  0.2646799  0.26138672 0.25804398
  0.25449702 0.2508717  0.24716197 0.24323855 0.2391939  0.23502443
  0.23075801 0.22642486 0.22203989 0.21740942 0.21282245 0.20796724
  0.20311723 0.19819084 0.19314606 0.18777281 0.1826085  0.17730595
  0.17201781 0.16653633 0.16099111 0.15535344 0.14963714 0.14387938
  0.13797713 0.13200346 0.12600679 0.12003271 0.11397529 0.10784974
  0.10157017 0.09530171 0.08911522 0.08282452 0.07633385 0.06996175
  0.06344059 0.05689076 0.05034656 0.04369221 0.03700573 0.03020542
  0.02311091 0.01549563]]
time for simulation: 675.9450595378876 secs
